<?xml version="1.0" encoding="UTF-8"?>
<testsuite xmlns:xsi="http://www.w3.org/2001/XMLSchema-instance" xsi:noNamespaceSchemaLocation="https://maven.apache.org/surefire/maven-surefire-plugin/xsd/surefire-test-report-3.0.xsd" version="3.0" name="dev.backend.tutor.controllers.RegistrationControllerTest" time="16.095" tests="4" errors="0" skipped="0" failures="0">
  <properties>
[...]
</properties>
  <testcase name="Should_ReturnNotFoundUserMessage_When_TokenExpired" classname="dev.backend.tutor.controllers.RegistrationControllerTest" time="0.617">
    <system-out><![CDATA[2024-03-29T23:00:04.755+02:00  INFO 18324 --- [           main] t.c.s.AnnotationConfigContextLoaderUtils : Could not detect default configuration classes for test class [dev.backend.tutor.controllers.RegistrationControllerTest]: RegistrationControllerTest does not declare any static, non-private, non-final, nested classes annotated with @Configuration.
2024-03-29T23:00:04.825+02:00  INFO 18324 --- [           main] .b.t.c.SpringBootTestContextBootstrapper : Found @SpringBootConfiguration dev.backend.tutor.TutorApplication for test class dev.backend.tutor.controllers.RegistrationControllerTest

  .   ____          _            __ _ _
 /\\ / ___'_ __ _ _(_)_ __  __ _ \ \ \ \
( ( )\___ | '_ | '_| | '_ \/ _` | \ \ \ \
 \\/  ___)| |_)| | | | | || (_| |  ) ) ) )
  '  |____| .__|_| |_|_| |_\__, | / / / /
 =========|_|==============|___/=/_/_/_/
 :: Spring Boot ::                (v3.2.3)

2024-03-29T23:00:05.155+02:00  INFO 18324 --- [ers-lifecycle-0] tc.postgres:alpine                       : Creating container for image: postgres:alpine
2024-03-29T23:00:05.787+02:00  INFO 18324 --- [ers-lifecycle-0] tc.postgres:alpine                       : Container postgres:alpine is starting: 8b6d15dcaffc128e6ffe757a703fc8c331db1b714f437babcbe6c8074d70ccd6
2024-03-29T23:00:10.514+02:00  INFO 18324 --- [ers-lifecycle-0] tc.postgres:alpine                       : Container postgres:alpine started in PT5.3585002S
2024-03-29T23:00:10.514+02:00  INFO 18324 --- [ers-lifecycle-0] tc.postgres:alpine                       : Container is started (JDBC URL: jdbc:postgresql://localhost:57285/test?loggerLevel=OFF)
2024-03-29T23:00:10.518+02:00  INFO 18324 --- [           main] d.b.t.c.RegistrationControllerTest       : Starting RegistrationControllerTest using Java 21 with PID 18324 (started by USER in D:\projects\tutor-backend)
2024-03-29T23:00:10.519+02:00  INFO 18324 --- [           main] d.b.t.c.RegistrationControllerTest       : The following 1 profile is active: "test"
2024-03-29T23:00:11.900+02:00  INFO 18324 --- [           main] .s.d.r.c.RepositoryConfigurationDelegate : Multiple Spring Data modules found, entering strict repository configuration mode
2024-03-29T23:00:11.900+02:00  INFO 18324 --- [           main] .s.d.r.c.RepositoryConfigurationDelegate : Bootstrapping Spring Data JPA repositories in DEFAULT mode.
2024-03-29T23:00:12.048+02:00  INFO 18324 --- [           main] .s.d.r.c.RepositoryConfigurationDelegate : Finished Spring Data repository scanning in 146 ms. Found 4 JPA repository interfaces.
2024-03-29T23:00:12.062+02:00  INFO 18324 --- [           main] .s.d.r.c.RepositoryConfigurationDelegate : Multiple Spring Data modules found, entering strict repository configuration mode
2024-03-29T23:00:12.063+02:00  INFO 18324 --- [           main] .s.d.r.c.RepositoryConfigurationDelegate : Bootstrapping Spring Data Redis repositories in DEFAULT mode.
2024-03-29T23:00:12.082+02:00  INFO 18324 --- [           main] .RepositoryConfigurationExtensionSupport : Spring Data Redis - Could not safely identify store assignment for repository candidate interface dev.backend.tutor.repositories.emails.ConfirmationEmailTokenRepository; If you want this repository to be a Redis repository, consider annotating your entities with one of these annotations: org.springframework.data.redis.core.RedisHash (preferred), or consider extending one of the following types with your repository: org.springframework.data.keyvalue.repository.KeyValueRepository
2024-03-29T23:00:12.085+02:00  INFO 18324 --- [           main] .RepositoryConfigurationExtensionSupport : Spring Data Redis - Could not safely identify store assignment for repository candidate interface dev.backend.tutor.repositories.notification.NotificationRepository; If you want this repository to be a Redis repository, consider annotating your entities with one of these annotations: org.springframework.data.redis.core.RedisHash (preferred), or consider extending one of the following types with your repository: org.springframework.data.keyvalue.repository.KeyValueRepository
2024-03-29T23:00:12.086+02:00  INFO 18324 --- [           main] .RepositoryConfigurationExtensionSupport : Spring Data Redis - Could not safely identify store assignment for repository candidate interface dev.backend.tutor.repositories.refresh.RefreshTokenRepository; If you want this repository to be a Redis repository, consider annotating your entities with one of these annotations: org.springframework.data.redis.core.RedisHash (preferred), or consider extending one of the following types with your repository: org.springframework.data.keyvalue.repository.KeyValueRepository
2024-03-29T23:00:12.095+02:00  INFO 18324 --- [           main] .RepositoryConfigurationExtensionSupport : Spring Data Redis - Could not safely identify store assignment for repository candidate interface dev.backend.tutor.repositories.student.StudentRepository; If you want this repository to be a Redis repository, consider annotating your entities with one of these annotations: org.springframework.data.redis.core.RedisHash (preferred), or consider extending one of the following types with your repository: org.springframework.data.keyvalue.repository.KeyValueRepository
2024-03-29T23:00:12.095+02:00  INFO 18324 --- [           main] .s.d.r.c.RepositoryConfigurationDelegate : Finished Spring Data repository scanning in 31 ms. Found 0 Redis repository interfaces.
2024-03-29T23:00:12.830+02:00  INFO 18324 --- [           main] o.hibernate.jpa.internal.util.LogHelper  : HHH000204: Processing PersistenceUnitInfo [name: default]
2024-03-29T23:00:12.844+02:00  INFO 18324 --- [           main] o.h.c.internal.RegionFactoryInitiator    : HHH000026: Second-level cache disabled
2024-03-29T23:00:12.880+02:00  INFO 18324 --- [           main] o.s.o.j.p.SpringPersistenceUnitInfo      : No LoadTimeWeaver setup: ignoring JPA class transformer
2024-03-29T23:00:12.882+02:00  INFO 18324 --- [           main] com.zaxxer.hikari.HikariDataSource       : HikariPool-2 - Starting...
2024-03-29T23:00:13.012+02:00  INFO 18324 --- [           main] com.zaxxer.hikari.pool.HikariPool        : HikariPool-2 - Added connection org.postgresql.jdbc.PgConnection@6e68cd0f
2024-03-29T23:00:13.012+02:00  INFO 18324 --- [           main] com.zaxxer.hikari.HikariDataSource       : HikariPool-2 - Start completed.
2024-03-29T23:00:14.148+02:00  INFO 18324 --- [           main] o.h.e.t.j.p.i.JtaPlatformInitiator       : HHH000489: No JTA platform available (set 'hibernate.transaction.jta.platform' to enable JTA platform integration)
Hibernate: create table accounts (username varchar(255) not null, age integer, email varchar(255) not null, enabled boolean not null, form smallint check (form between 0 and 11), password varchar(255) not null, primary key (username))
Hibernate: create table blocked_users (student_id varchar(255) not null, blocked_id varchar(255) not null)
Hibernate: create table confirmation_tokens (id bigint not null, expiry_date timestamp(6) with time zone, token varchar(255), student_username varchar(255), primary key (id))
Hibernate: create table friends (student_id varchar(255) not null, friend_id varchar(255) not null)
Hibernate: create table general_grades (student_grades_id varchar(255) not null, total_ukr_mova_grades integer, student_grades varchar(255), student_ukrmova_grades varchar(255), primary key (student_grades_id))
Hibernate: create table lexicology (student_ukrmova_grades varchar(255) not null, lexical_error integer, lexical_meaning_ofaword integer, phraseology integer, synonymus integer, primary key (student_ukrmova_grades))
Hibernate: create table morphology (student_ukrmova_grades varchar(255) not null, adjective integer, adverb integer, classification_of_parts_of_speech integer, conjunction integer, noun_declension_of_nouns integer, noun_gender_and_number_of_nouns integer, noun_writing_patronymics integer, numeral integer, participle integer, particle integer, preposition integer, pronoun integer, verb integer, primary key (student_ukrmova_grades))
Hibernate: create table notifications (id bigint not null, content varchar(255) not null, timestamp date not null, recipient_username varchar(255) not null, primary key (id))
Hibernate: create table orthography (student_ukrmova_grades varchar(255) not null, apostrophe integer, basic_cases_of_alternationyviu integer, capitalization_and_quotation_marks_in_proper_nouns integer, combination_of_yo_yot integer, compound_words integer, consonant_changes_in_word_formation integer, consonant_cluster_simplification integer, letter_doubling integer, prefix_spelling integer, soft_sign integer, spelling_of_unstressed_vowelseuo integer, spelling_of_words_of_foreign_origin integer, spelling_with_different_parts_of_speech integer, primary key (student_ukrmova_grades))
Hibernate: create table phonetics_graphemics_orthoepy (student_ukrmova_grades varchar(255) not null, sound_letter_correspondence integer, syllable_stress integer, primary key (student_ukrmova_grades))
Hibernate: create table refresh_tokens (id bigint not null, expiry_date timestamp(6) with time zone, token varchar(255), student_username varchar(255), primary key (id))
Hibernate: create table stylistics_text_language_development (student_ukrmova_grades varchar(255) not null, analysis_of_the_text_antoine_de_saint_exupery integer, analysis_of_the_text_art_not_subject_to_time integer, analysis_of_the_text_attitude_to_animals integer, analysis_of_the_text_black_letters_onawhite_background integer, analysis_of_the_text_blue_apple_for_ilonka integer, analysis_of_the_text_bookcrossing_transforming_the_world_intoalibrary integer, analysis_of_the_text_chance_to_realize_yourself integer, analysis_of_the_text_city_where_you_would_like_to_live integer, analysis_of_the_text_cyberbullying_in_the_network_the_end_of_virtuality integer, analysis_of_the_text_detective_as_an_intellectual_exercise integer, analysis_of_the_text_download_for_free integer, analysis_of_the_text_eastern_culture_asakey_to_understanding_ukraine integer, analysis_of_the_text_flower_on_the_asphalt integer, analysis_of_the_text_folk_medicine integer, analysis_of_the_text_fur integer, analysis_of_the_text_galileo_galilei integer, analysis_of_the_text_higher_education integer, analysis_of_the_textihad_the_happiest_life integer, analysis_of_the_text_learn_to_live integer, analysis_of_the_text_live_so_that_pigeons_would_sit_on_your_shoulders integer, analysis_of_the_text_magic_box integer, analysis_of_the_text_murals_of_kyiv integer, analysis_of_the_text_musical_gift_to_the_world integer, analysis_of_the_text_my_sincere_friend_life_fate_of_ivan_soshenko integer, analysis_of_the_text_mysticism_of_kyiv_floods integer, analysis_of_the_text_nobel_pleiade_of_non_ukrainian_ukrainians integer, analysis_of_the_text_olena_teliha integer, analysis_of_the_text_our_amulets integer, analysis_of_the_text_painted_stories_ukrainian_version integer, analysis_of_the_text_path_to_national_self_awareness integer, analysis_of_the_text_philosophical_tool_of_danylo_demutsky integer, analysis_of_the_text_poetess_of_ukrainian_renaissance integer, analysis_of_the_text_read_me integer, analysis_of_the_text_rules_of_good_troll integer, analysis_of_the_text_sergei_parajanov integer, analysis_of_the_text_small_path_not_for_people integer, analysis_of_the_text_steppe_eldorado integer, analysis_of_the_text_the_third_roosters_have_already_sung integer, analysis_of_the_text_theater integer, analysis_of_the_text_ukrainian_cinema integer, analysis_of_the_text_vasyl_symonenko integer, analysis_of_the_text_veteran_of_the_sky integer, analysis_of_the_text_warm_humanity_with_your_heart integer, analysis_of_the_text_waste integer, analysis_of_the_text_who_are_we_ourselves integer, primary key (student_ukrmova_grades))
2024-03-29T23:00:14.579+02:00  WARN 18324 --- [           main] o.h.engine.jdbc.spi.SqlExceptionHelper   : SQL Warning Code: 0, SQLState: 42622
2024-03-29T23:00:14.579+02:00  WARN 18324 --- [           main] o.h.engine.jdbc.spi.SqlExceptionHelper   : identifier "analysis_of_the_text_bookcrossing_transforming_the_world_intoalibrary" will be truncated to "analysis_of_the_text_bookcrossing_transforming_the_world_intoal"
2024-03-29T23:00:14.580+02:00  WARN 18324 --- [           main] o.h.engine.jdbc.spi.SqlExceptionHelper   : SQL Warning Code: 0, SQLState: 42622
2024-03-29T23:00:14.580+02:00  WARN 18324 --- [           main] o.h.engine.jdbc.spi.SqlExceptionHelper   : identifier "analysis_of_the_text_cyberbullying_in_the_network_the_end_of_virtuality" will be truncated to "analysis_of_the_text_cyberbullying_in_the_network_the_end_of_vi"
2024-03-29T23:00:14.580+02:00  WARN 18324 --- [           main] o.h.engine.jdbc.spi.SqlExceptionHelper   : SQL Warning Code: 0, SQLState: 42622
2024-03-29T23:00:14.580+02:00  WARN 18324 --- [           main] o.h.engine.jdbc.spi.SqlExceptionHelper   : identifier "analysis_of_the_text_eastern_culture_asakey_to_understanding_ukraine" will be truncated to "analysis_of_the_text_eastern_culture_asakey_to_understanding_uk"
2024-03-29T23:00:14.580+02:00  WARN 18324 --- [           main] o.h.engine.jdbc.spi.SqlExceptionHelper   : SQL Warning Code: 0, SQLState: 42622
2024-03-29T23:00:14.581+02:00  WARN 18324 --- [           main] o.h.engine.jdbc.spi.SqlExceptionHelper   : identifier "analysis_of_the_text_live_so_that_pigeons_would_sit_on_your_shoulders" will be truncated to "analysis_of_the_text_live_so_that_pigeons_would_sit_on_your_sho"
2024-03-29T23:00:14.581+02:00  WARN 18324 --- [           main] o.h.engine.jdbc.spi.SqlExceptionHelper   : SQL Warning Code: 0, SQLState: 42622
2024-03-29T23:00:14.581+02:00  WARN 18324 --- [           main] o.h.engine.jdbc.spi.SqlExceptionHelper   : identifier "analysis_of_the_text_my_sincere_friend_life_fate_of_ivan_soshenko" will be truncated to "analysis_of_the_text_my_sincere_friend_life_fate_of_ivan_soshen"
Hibernate: create table syntax_punctuation (student_ukrmova_grades varchar(255) not null, classification_of_sentences integer, complex_sentence_complex_clause_withoutaconjunction integer, complex_sentence_complex_sentence_with_different_types_of_connection integer, complex_sentence_complex_subordinate_clause integer, complex_sentence_compound_sentence integer, complex_sentences_addressing_inserted_words_phrases_sentences integer, complex_sentences_coordinating_sentence_elements integer, foreign_speech integer, main_sentence_elements integer, means_of_interphrase_unity integer, phrase integer, separated_sentence_elements_separated_adverbial_modifier integer, separated_sentence_elements_separated_attribute integer, separated_sentence_elements_separated_object integer, simple_sentences integer, subordinate_sentence_elements integer, primary key (student_ukrmova_grades))
2024-03-29T23:00:14.631+02:00  WARN 18324 --- [           main] o.h.engine.jdbc.spi.SqlExceptionHelper   : SQL Warning Code: 0, SQLState: 42622
2024-03-29T23:00:14.632+02:00  WARN 18324 --- [           main] o.h.engine.jdbc.spi.SqlExceptionHelper   : identifier "complex_sentence_complex_sentence_with_different_types_of_connection" will be truncated to "complex_sentence_complex_sentence_with_different_types_of_conne"
Hibernate: create table ukr_mova_grades (student_grades varchar(255) not null, lexicology integer, morphology integer, orthography integer, phonetics_graphemics_orthoepy integer, stylistics_text_language_development integer, syntax_punctuation integer, word_formation_word_derivation integer, student_lexicology_grades varchar(255), student_morphology_grades varchar(255), student_orphography_grades varchar(255), student_phonetics_graphemics_orthoepy_grades varchar(255), student_stylistics_text_language_development_grades varchar(255), student_syntax_punctuation_grades varchar(255), student_word_formation_word_derivation_grades varchar(255), primary key (student_grades))
Hibernate: create table user_roles (id bigint not null, role varchar(255) not null check (role in ('ROLE_STUDENT')), student_username varchar(255), primary key (id))
Hibernate: create table word_formation_word_derivation (student_ukrmova_grades varchar(255) not null, word_structure_word_formation integer, primary key (student_ukrmova_grades))
Hibernate: alter table if exists accounts drop constraint if exists UK_n7ihswpy07ci568w34q0oi8he
2024-03-29T23:00:14.792+02:00  WARN 18324 --- [           main] o.h.engine.jdbc.spi.SqlExceptionHelper   : SQL Warning Code: 0, SQLState: 00000
2024-03-29T23:00:14.792+02:00  WARN 18324 --- [           main] o.h.engine.jdbc.spi.SqlExceptionHelper   : constraint "uk_n7ihswpy07ci568w34q0oi8he" of relation "accounts" does not exist, skipping
Hibernate: alter table if exists accounts add constraint UK_n7ihswpy07ci568w34q0oi8he unique (email)
Hibernate: alter table if exists blocked_users drop constraint if exists UK_a3b184pkkgngkirhw5yghij1f
2024-03-29T23:00:14.841+02:00  WARN 18324 --- [           main] o.h.engine.jdbc.spi.SqlExceptionHelper   : SQL Warning Code: 0, SQLState: 00000
2024-03-29T23:00:14.842+02:00  WARN 18324 --- [           main] o.h.engine.jdbc.spi.SqlExceptionHelper   : constraint "uk_a3b184pkkgngkirhw5yghij1f" of relation "blocked_users" does not exist, skipping
Hibernate: alter table if exists blocked_users add constraint UK_a3b184pkkgngkirhw5yghij1f unique (student_id)
Hibernate: alter table if exists blocked_users drop constraint if exists UK_9rw0gs66eegoiwfa67n0q7sdd
2024-03-29T23:00:14.917+02:00  WARN 18324 --- [           main] o.h.engine.jdbc.spi.SqlExceptionHelper   : SQL Warning Code: 0, SQLState: 00000
2024-03-29T23:00:14.917+02:00  WARN 18324 --- [           main] o.h.engine.jdbc.spi.SqlExceptionHelper   : constraint "uk_9rw0gs66eegoiwfa67n0q7sdd" of relation "blocked_users" does not exist, skipping
Hibernate: alter table if exists blocked_users add constraint UK_9rw0gs66eegoiwfa67n0q7sdd unique (blocked_id)
Hibernate: alter table if exists friends drop constraint if exists UK_syfpmfynww9a2n96entwymkjj
2024-03-29T23:00:14.976+02:00  WARN 18324 --- [           main] o.h.engine.jdbc.spi.SqlExceptionHelper   : SQL Warning Code: 0, SQLState: 00000
2024-03-29T23:00:14.977+02:00  WARN 18324 --- [           main] o.h.engine.jdbc.spi.SqlExceptionHelper   : constraint "uk_syfpmfynww9a2n96entwymkjj" of relation "friends" does not exist, skipping
Hibernate: alter table if exists friends add constraint UK_syfpmfynww9a2n96entwymkjj unique (student_id)
Hibernate: alter table if exists friends drop constraint if exists UK_idv0wqw940sm3ccr3y3mm4o92
2024-03-29T23:00:15.010+02:00  WARN 18324 --- [           main] o.h.engine.jdbc.spi.SqlExceptionHelper   : SQL Warning Code: 0, SQLState: 00000
2024-03-29T23:00:15.010+02:00  WARN 18324 --- [           main] o.h.engine.jdbc.spi.SqlExceptionHelper   : constraint "uk_idv0wqw940sm3ccr3y3mm4o92" of relation "friends" does not exist, skipping
Hibernate: alter table if exists friends add constraint UK_idv0wqw940sm3ccr3y3mm4o92 unique (friend_id)
Hibernate: alter table if exists general_grades drop constraint if exists UK_q3rat9g76mji2lix949sekxyy
2024-03-29T23:00:15.040+02:00  WARN 18324 --- [           main] o.h.engine.jdbc.spi.SqlExceptionHelper   : SQL Warning Code: 0, SQLState: 00000
2024-03-29T23:00:15.040+02:00  WARN 18324 --- [           main] o.h.engine.jdbc.spi.SqlExceptionHelper   : constraint "uk_q3rat9g76mji2lix949sekxyy" of relation "general_grades" does not exist, skipping
Hibernate: alter table if exists general_grades add constraint UK_q3rat9g76mji2lix949sekxyy unique (student_ukrmova_grades)
Hibernate: alter table if exists ukr_mova_grades drop constraint if exists UK_jnbam86b2t4ivg3xah6o11vw8
2024-03-29T23:00:15.082+02:00  WARN 18324 --- [           main] o.h.engine.jdbc.spi.SqlExceptionHelper   : SQL Warning Code: 0, SQLState: 00000
2024-03-29T23:00:15.082+02:00  WARN 18324 --- [           main] o.h.engine.jdbc.spi.SqlExceptionHelper   : constraint "uk_jnbam86b2t4ivg3xah6o11vw8" of relation "ukr_mova_grades" does not exist, skipping
Hibernate: alter table if exists ukr_mova_grades add constraint UK_jnbam86b2t4ivg3xah6o11vw8 unique (student_lexicology_grades)
Hibernate: alter table if exists ukr_mova_grades drop constraint if exists UK_3lm3rska7ixii649i8t566gp
2024-03-29T23:00:15.141+02:00  WARN 18324 --- [           main] o.h.engine.jdbc.spi.SqlExceptionHelper   : SQL Warning Code: 0, SQLState: 00000
2024-03-29T23:00:15.142+02:00  WARN 18324 --- [           main] o.h.engine.jdbc.spi.SqlExceptionHelper   : constraint "uk_3lm3rska7ixii649i8t566gp" of relation "ukr_mova_grades" does not exist, skipping
Hibernate: alter table if exists ukr_mova_grades add constraint UK_3lm3rska7ixii649i8t566gp unique (student_morphology_grades)
Hibernate: alter table if exists ukr_mova_grades drop constraint if exists UK_9ak4ov07toh72h6rxggkcps8h
2024-03-29T23:00:15.182+02:00  WARN 18324 --- [           main] o.h.engine.jdbc.spi.SqlExceptionHelper   : SQL Warning Code: 0, SQLState: 00000
2024-03-29T23:00:15.183+02:00  WARN 18324 --- [           main] o.h.engine.jdbc.spi.SqlExceptionHelper   : constraint "uk_9ak4ov07toh72h6rxggkcps8h" of relation "ukr_mova_grades" does not exist, skipping
Hibernate: alter table if exists ukr_mova_grades add constraint UK_9ak4ov07toh72h6rxggkcps8h unique (student_orphography_grades)
Hibernate: alter table if exists ukr_mova_grades drop constraint if exists UK_cnsd0qnnpm8sxf1n1jcvkluap
2024-03-29T23:00:15.220+02:00  WARN 18324 --- [           main] o.h.engine.jdbc.spi.SqlExceptionHelper   : SQL Warning Code: 0, SQLState: 00000
2024-03-29T23:00:15.220+02:00  WARN 18324 --- [           main] o.h.engine.jdbc.spi.SqlExceptionHelper   : constraint "uk_cnsd0qnnpm8sxf1n1jcvkluap" of relation "ukr_mova_grades" does not exist, skipping
Hibernate: alter table if exists ukr_mova_grades add constraint UK_cnsd0qnnpm8sxf1n1jcvkluap unique (student_phonetics_graphemics_orthoepy_grades)
Hibernate: alter table if exists ukr_mova_grades drop constraint if exists UK_g7ffo3vl6b8kiewdd6ihhfoem
2024-03-29T23:00:15.265+02:00  WARN 18324 --- [           main] o.h.engine.jdbc.spi.SqlExceptionHelper   : SQL Warning Code: 0, SQLState: 00000
2024-03-29T23:00:15.265+02:00  WARN 18324 --- [           main] o.h.engine.jdbc.spi.SqlExceptionHelper   : constraint "uk_g7ffo3vl6b8kiewdd6ihhfoem" of relation "ukr_mova_grades" does not exist, skipping
Hibernate: alter table if exists ukr_mova_grades add constraint UK_g7ffo3vl6b8kiewdd6ihhfoem unique (student_stylistics_text_language_development_grades)
Hibernate: alter table if exists ukr_mova_grades drop constraint if exists UK_t8u8b27xubq3hs069wt9fr6o5
2024-03-29T23:00:15.280+02:00  WARN 18324 --- [           main] o.h.engine.jdbc.spi.SqlExceptionHelper   : SQL Warning Code: 0, SQLState: 00000
2024-03-29T23:00:15.280+02:00  WARN 18324 --- [           main] o.h.engine.jdbc.spi.SqlExceptionHelper   : constraint "uk_t8u8b27xubq3hs069wt9fr6o5" of relation "ukr_mova_grades" does not exist, skipping
Hibernate: alter table if exists ukr_mova_grades add constraint UK_t8u8b27xubq3hs069wt9fr6o5 unique (student_syntax_punctuation_grades)
Hibernate: alter table if exists ukr_mova_grades drop constraint if exists UK_91xr3ex6vy6vskb62mxbdn15i
2024-03-29T23:00:15.300+02:00  WARN 18324 --- [           main] o.h.engine.jdbc.spi.SqlExceptionHelper   : SQL Warning Code: 0, SQLState: 00000
2024-03-29T23:00:15.301+02:00  WARN 18324 --- [           main] o.h.engine.jdbc.spi.SqlExceptionHelper   : constraint "uk_91xr3ex6vy6vskb62mxbdn15i" of relation "ukr_mova_grades" does not exist, skipping
Hibernate: alter table if exists ukr_mova_grades add constraint UK_91xr3ex6vy6vskb62mxbdn15i unique (student_word_formation_word_derivation_grades)
Hibernate: create sequence confirmation_tokens_seq start with 1 increment by 50
Hibernate: create sequence notifications_seq start with 1 increment by 50
Hibernate: create sequence refresh_tokens_seq start with 1 increment by 50
Hibernate: create sequence user_roles_seq start with 1 increment by 50
Hibernate: alter table if exists blocked_users add constraint FK6p1bq57l07lcnutdm0f6idntf foreign key (blocked_id) references accounts
Hibernate: alter table if exists blocked_users add constraint FK75s59sko6nyqdjbjo57pu51te foreign key (student_id) references accounts
Hibernate: alter table if exists confirmation_tokens add constraint FKbk130qdyxa39hhug1y56u9pch foreign key (student_username) references accounts
Hibernate: alter table if exists friends add constraint FKo0j7l0s3amqqgf54qtop6160e foreign key (friend_id) references accounts
Hibernate: alter table if exists friends add constraint FKn8nvq8kye5mv6b7g43ist2kye foreign key (student_id) references accounts
Hibernate: alter table if exists general_grades add constraint FK29d6i0uk0hgyt4qsd0eter45y foreign key (student_grades) references accounts
Hibernate: alter table if exists general_grades add constraint FKovoa6qpr64q2ca2urt2ji4pva foreign key (student_ukrmova_grades) references ukr_mova_grades
Hibernate: alter table if exists notifications add constraint FKb0jmnivr88skal3okf51o64oo foreign key (recipient_username) references accounts
Hibernate: alter table if exists refresh_tokens add constraint FK85dbmnjs4wydtj1be9hgustx0 foreign key (student_username) references accounts
Hibernate: alter table if exists ukr_mova_grades add constraint FKjsxyk495k3w37xml0k8bl39p8 foreign key (student_lexicology_grades) references lexicology
Hibernate: alter table if exists ukr_mova_grades add constraint FKp3gi1c92l9738pcb61kukgyde foreign key (student_morphology_grades) references morphology
Hibernate: alter table if exists ukr_mova_grades add constraint FKraa9ckhp27oj19gdqjhrruudx foreign key (student_orphography_grades) references orthography
Hibernate: alter table if exists ukr_mova_grades add constraint FKtr1in54c8nsef6q0jpo1bha73 foreign key (student_phonetics_graphemics_orthoepy_grades) references phonetics_graphemics_orthoepy
Hibernate: alter table if exists ukr_mova_grades add constraint FK216fr1h72m6u9av5nw6ydryay foreign key (student_stylistics_text_language_development_grades) references stylistics_text_language_development
Hibernate: alter table if exists ukr_mova_grades add constraint FKimmilgklbgrc5opvvy4b2vjn0 foreign key (student_syntax_punctuation_grades) references syntax_punctuation
Hibernate: alter table if exists ukr_mova_grades add constraint FK2qonla0kqnu633vv3n3wk22hc foreign key (student_word_formation_word_derivation_grades) references word_formation_word_derivation
Hibernate: alter table if exists user_roles add constraint FKqs88g4swjebmeqti3bcwbn1wr foreign key (student_username) references accounts
2024-03-29T23:00:15.793+02:00  INFO 18324 --- [           main] j.LocalContainerEntityManagerFactoryBean : Initialized JPA EntityManagerFactory for persistence unit 'default'
2024-03-29T23:00:18.108+02:00  INFO 18324 --- [           main] o.s.s.web.DefaultSecurityFilterChain     : Will secure any request with [org.springframework.security.web.session.DisableEncodeUrlFilter@64a31882, org.springframework.security.web.context.request.async.WebAsyncManagerIntegrationFilter@4bcaa38c, org.springframework.security.web.context.SecurityContextHolderFilter@6bee9e29, org.springframework.security.web.header.HeaderWriterFilter@675fe8de, org.springframework.security.web.authentication.logout.LogoutFilter@420da96b, dev.backend.tutor.sevices.security.jwt.JwtFilter@69052034, org.springframework.security.web.savedrequest.RequestCacheAwareFilter@53416190, org.springframework.security.web.servletapi.SecurityContextHolderAwareRequestFilter@4bc06a3e, org.springframework.security.web.authentication.AnonymousAuthenticationFilter@11620d7b, org.springframework.security.web.session.SessionManagementFilter@c2d330, org.springframework.security.web.access.ExceptionTranslationFilter@4bfe7d31, org.springframework.security.web.access.intercept.AuthorizationFilter@524105bc]
2024-03-29T23:00:19.059+02:00  INFO 18324 --- [           main] o.s.b.t.m.w.SpringBootMockServletContext : Initializing Spring TestDispatcherServlet ''
2024-03-29T23:00:19.062+02:00  INFO 18324 --- [           main] o.s.t.web.servlet.TestDispatcherServlet  : Initializing Servlet ''
2024-03-29T23:00:19.071+02:00  INFO 18324 --- [           main] o.s.t.web.servlet.TestDispatcherServlet  : Completed initialization in 9 ms
2024-03-29T23:00:19.107+02:00  INFO 18324 --- [           main] o.s.m.s.b.SimpleBrokerMessageHandler     : Starting...
2024-03-29T23:00:19.108+02:00  INFO 18324 --- [           main] o.s.m.s.b.SimpleBrokerMessageHandler     : BrokerAvailabilityEvent[available=true, SimpleBrokerMessageHandler [org.springframework.messaging.simp.broker.DefaultSubscriptionRegistry@4bf6e483]]
2024-03-29T23:00:19.110+02:00  INFO 18324 --- [           main] o.s.m.s.b.SimpleBrokerMessageHandler     : Started.
2024-03-29T23:00:19.123+02:00  INFO 18324 --- [           main] d.b.t.c.RegistrationControllerTest       : Started RegistrationControllerTest in 14.281 seconds (process running for 127.741)
Hibernate: select s1_0.username,s1_0.age,s1_0.email,s1_0.enabled,s1_0.form,s1_0.password,r1_0.student_username,r1_0.id,r1_0.role from accounts s1_0 left join user_roles r1_0 on s1_0.username=r1_0.student_username where s1_0.username=?
Hibernate: select nextval('user_roles_seq')
Hibernate: insert into accounts (age,email,enabled,form,password,username) values (?,?,?,?,?,?)
Hibernate: insert into user_roles (role,student_username,id) values (?,?,?)
Hibernate: select s1_0.username,s1_0.age,s1_0.email,s1_0.enabled,s1_0.form,s1_0.password from accounts s1_0 where s1_0.username=?
Hibernate: select nextval('confirmation_tokens_seq')
Hibernate: select null,s1_0.age,s1_0.email,s1_0.enabled,s1_0.form,s1_0.password from accounts s1_0 where s1_0.username=?
Hibernate: insert into confirmation_tokens (expiry_date,student_username,token,id) values (?,?,?,?)
Hibernate: select cet1_0.id,cet1_0.expiry_date,cet1_0.student_username,cet1_0.token from confirmation_tokens cet1_0 where cet1_0.token=?
Hibernate: select s1_0.username,s1_0.age,s1_0.email,s1_0.enabled,s1_0.form,s1_0.password from accounts s1_0 where s1_0.username=?
]]></system-out>
  </testcase>
  <testcase name="Should_NotRegister_User_When_RequestContainsAlreadyRegisteredValue" classname="dev.backend.tutor.controllers.RegistrationControllerTest" time="0.523">
    <system-out><![CDATA[Hibernate: select s1_0.username from accounts s1_0 where s1_0.email=? fetch first ? rows only
Hibernate: select s1_0.username from accounts s1_0 where s1_0.username=? fetch first ? rows only
Hibernate: select s1_0.username,s1_0.age,s1_0.email,s1_0.enabled,s1_0.form,s1_0.password,r1_0.student_username,r1_0.id,r1_0.role from accounts s1_0 left join user_roles r1_0 on s1_0.username=r1_0.student_username where s1_0.username=?
Hibernate: select nextval('user_roles_seq')
Hibernate: insert into accounts (age,email,enabled,form,password,username) values (?,?,?,?,?,?)
Hibernate: insert into user_roles (role,student_username,id) values (?,?,?)
Hibernate: select s1_0.username,s1_0.age,s1_0.email,s1_0.enabled,s1_0.form,s1_0.password from accounts s1_0 where s1_0.username=?
Hibernate: select nextval('confirmation_tokens_seq')
Hibernate: insert into confirmation_tokens (expiry_date,student_username,token,id) values (?,?,?,?)
Hibernate: select s1_0.username from accounts s1_0 where s1_0.email=? fetch first ? rows only
]]></system-out>
  </testcase>
  <testcase name="Should_ConfirmUserRegistration_When_UserRegistered" classname="dev.backend.tutor.controllers.RegistrationControllerTest" time="0.486">
    <system-out><![CDATA[Hibernate: select s1_0.username,s1_0.age,s1_0.email,s1_0.enabled,s1_0.form,s1_0.password,r1_0.student_username,r1_0.id,r1_0.role from accounts s1_0 left join user_roles r1_0 on s1_0.username=r1_0.student_username where s1_0.username=?
Hibernate: select bs1_0.student_id,bs1_1.username,bs1_1.age,bs1_1.email,bs1_1.enabled,bs1_1.form,bs1_1.password from blocked_users bs1_0 join accounts bs1_1 on bs1_1.username=bs1_0.blocked_id where bs1_0.student_id=?
Hibernate: select f1_0.student_id,f1_1.username,f1_1.age,f1_1.email,f1_1.enabled,f1_1.form,f1_1.password from friends f1_0 join accounts f1_1 on f1_1.username=f1_0.friend_id where f1_0.student_id=?
Hibernate: insert into user_roles (role,student_username,id) values (?,?,?)
Hibernate: select s1_0.username,s1_0.age,s1_0.email,s1_0.enabled,s1_0.form,s1_0.password from accounts s1_0 where s1_0.username=?
Hibernate: select null,s1_0.age,s1_0.email,s1_0.enabled,s1_0.form,s1_0.password from accounts s1_0 where s1_0.username=?
Hibernate: insert into confirmation_tokens (expiry_date,student_username,token,id) values (?,?,?,?)
Hibernate: select cet1_0.id,cet1_0.expiry_date,cet1_0.student_username,cet1_0.token from confirmation_tokens cet1_0 where cet1_0.token=?
Hibernate: select s1_0.username,s1_0.age,s1_0.email,s1_0.enabled,s1_0.form,s1_0.password from accounts s1_0 where s1_0.username=?
Hibernate: update accounts set age=?,email=?,enabled=?,form=?,password=? where username=?
Hibernate: delete from confirmation_tokens where id=?
]]></system-out>
  </testcase>
  <testcase name="Should_ReturnNotFoundUserMessage_When_TokenNotInDB" classname="dev.backend.tutor.controllers.RegistrationControllerTest" time="0.073">
    <system-out><![CDATA[Hibernate: select cet1_0.id,cet1_0.expiry_date,cet1_0.student_username,cet1_0.token from confirmation_tokens cet1_0 where cet1_0.token=?
]]></system-out>
  </testcase>
</testsuite>