<?xml version="1.0" encoding="UTF-8"?>
<testsuite xmlns:xsi="http://www.w3.org/2001/XMLSchema-instance" xsi:noNamespaceSchemaLocation="https://maven.apache.org/surefire/maven-surefire-plugin/xsd/surefire-test-report-3.0.xsd" version="3.0" name="dev.backend.tutor.controllers.FriendControllerTest" time="26.345" tests="5" errors="0" skipped="0" failures="0">
  <properties>
[...]
</properties>
  <testcase name="Should_AcceptRequest" classname="dev.backend.tutor.controllers.FriendControllerTest" time="1.873">
    <system-out><![CDATA[23:42:33.353 [main] INFO org.springframework.test.context.support.AnnotationConfigContextLoaderUtils -- Could not detect default configuration classes for test class [dev.backend.tutor.controllers.FriendControllerTest]: FriendControllerTest does not declare any static, non-private, non-final, nested classes annotated with @Configuration.
23:42:33.522 [main] INFO org.testcontainers.images.PullPolicy -- Image pull policy will be performed by: DefaultPullPolicy()
23:42:33.529 [main] INFO org.testcontainers.utility.ImageNameSubstitutor -- Image name substitution will be performed by: DefaultImageNameSubstitutor (composite of 'ConfigurationFileImageNameSubstitutor' and 'PrefixingImageNameSubstitutor')
23:42:34.010 [main] INFO org.testcontainers.dockerclient.DockerClientProviderStrategy -- Loaded org.testcontainers.dockerclient.NpipeSocketClientProviderStrategy from ~/.testcontainers.properties, will try it first
23:42:34.574 [main] INFO org.testcontainers.dockerclient.DockerClientProviderStrategy -- Found Docker environment with local Npipe socket (npipe:////./pipe/docker_engine)
23:42:34.576 [main] INFO org.testcontainers.DockerClientFactory -- Docker host IP address is localhost
23:42:34.620 [main] INFO org.testcontainers.DockerClientFactory -- Connected to docker: 
  Server Version: 25.0.3
  API Version: 1.44
  Operating System: Docker Desktop
  Total Memory: 3848 MB
23:42:34.693 [main] INFO tc.testcontainers/ryuk:0.6.0 -- Creating container for image: testcontainers/ryuk:0.6.0
23:42:35.004 [main] INFO org.testcontainers.utility.RegistryAuthLocator -- Credential helper/store (docker-credential-desktop) does not have credentials for https://index.docker.io/v1/
23:42:35.318 [main] INFO tc.testcontainers/ryuk:0.6.0 -- Container testcontainers/ryuk:0.6.0 is starting: bf469cab6cf66234c62e087c6a56747a14b579385c01645ed8fbbc4af7de3ac6
23:42:36.737 [main] INFO tc.testcontainers/ryuk:0.6.0 -- Container testcontainers/ryuk:0.6.0 started in PT2.0440339S
23:42:36.751 [main] INFO org.testcontainers.utility.RyukResourceReaper -- Ryuk started - will monitor and terminate Testcontainers containers on JVM exit
23:42:36.751 [main] INFO org.testcontainers.DockerClientFactory -- Checking the system...
23:42:36.752 [main] INFO org.testcontainers.DockerClientFactory -- ✔︎ Docker server version should be at least 1.6.0
23:42:37.279 [main] INFO org.springframework.boot.test.context.SpringBootTestContextBootstrapper -- Found @SpringBootConfiguration dev.backend.tutor.TutorApplication for test class dev.backend.tutor.controllers.FriendControllerTest

  .   ____          _            __ _ _
 /\\ / ___'_ __ _ _(_)_ __  __ _ \ \ \ \
( ( )\___ | '_ | '_| | '_ \/ _` | \ \ \ \
 \\/  ___)| |_)| | | | | || (_| |  ) ) ) )
  '  |____| .__|_| |_|_| |_\__, | / / / /
 =========|_|==============|___/=/_/_/_/
 :: Spring Boot ::                (v3.2.3)

2024-03-28T23:42:38.101+02:00  INFO 12896 --- [ers-lifecycle-0] tc.postgres:alpine                       : Creating container for image: postgres:alpine
2024-03-28T23:42:38.250+02:00  INFO 12896 --- [ers-lifecycle-0] tc.postgres:alpine                       : Container postgres:alpine is starting: f3ddd11f12ccf692fbad013d287b9ede63a2c329d1dde04e73d63f4339f6e5d2
2024-03-28T23:42:42.103+02:00  INFO 12896 --- [ers-lifecycle-0] tc.postgres:alpine                       : Container postgres:alpine started in PT4.0018738S
2024-03-28T23:42:42.107+02:00  INFO 12896 --- [ers-lifecycle-0] tc.postgres:alpine                       : Container is started (JDBC URL: jdbc:postgresql://localhost:60952/test?loggerLevel=OFF)
2024-03-28T23:42:42.142+02:00  INFO 12896 --- [           main] d.b.t.controllers.FriendControllerTest   : Starting FriendControllerTest using Java 21 with PID 12896 (started by USER in D:\projects\tutor-backend)
2024-03-28T23:42:42.144+02:00  INFO 12896 --- [           main] d.b.t.controllers.FriendControllerTest   : The following 1 profile is active: "test"
2024-03-28T23:42:44.150+02:00  INFO 12896 --- [           main] .s.d.r.c.RepositoryConfigurationDelegate : Multiple Spring Data modules found, entering strict repository configuration mode
2024-03-28T23:42:44.154+02:00  INFO 12896 --- [           main] .s.d.r.c.RepositoryConfigurationDelegate : Bootstrapping Spring Data JPA repositories in DEFAULT mode.
2024-03-28T23:42:44.502+02:00  INFO 12896 --- [           main] .s.d.r.c.RepositoryConfigurationDelegate : Finished Spring Data repository scanning in 332 ms. Found 4 JPA repository interfaces.
2024-03-28T23:42:44.586+02:00  INFO 12896 --- [           main] .s.d.r.c.RepositoryConfigurationDelegate : Multiple Spring Data modules found, entering strict repository configuration mode
2024-03-28T23:42:44.587+02:00  INFO 12896 --- [           main] .s.d.r.c.RepositoryConfigurationDelegate : Bootstrapping Spring Data MongoDB repositories in DEFAULT mode.
2024-03-28T23:42:44.616+02:00  INFO 12896 --- [           main] .RepositoryConfigurationExtensionSupport : Spring Data MongoDB - Could not safely identify store assignment for repository candidate interface dev.backend.tutor.repositories.emails.ConfirmationEmailTokenRepository; If you want this repository to be a MongoDB repository, consider annotating your entities with one of these annotations: org.springframework.data.mongodb.core.mapping.Document (preferred), or consider extending one of the following types with your repository: org.springframework.data.mongodb.repository.MongoRepository
2024-03-28T23:42:44.617+02:00  INFO 12896 --- [           main] .RepositoryConfigurationExtensionSupport : Spring Data MongoDB - Could not safely identify store assignment for repository candidate interface dev.backend.tutor.repositories.notification.NotificationRepository; If you want this repository to be a MongoDB repository, consider annotating your entities with one of these annotations: org.springframework.data.mongodb.core.mapping.Document (preferred), or consider extending one of the following types with your repository: org.springframework.data.mongodb.repository.MongoRepository
2024-03-28T23:42:44.618+02:00  INFO 12896 --- [           main] .RepositoryConfigurationExtensionSupport : Spring Data MongoDB - Could not safely identify store assignment for repository candidate interface dev.backend.tutor.repositories.refresh.RefreshTokenRepository; If you want this repository to be a MongoDB repository, consider annotating your entities with one of these annotations: org.springframework.data.mongodb.core.mapping.Document (preferred), or consider extending one of the following types with your repository: org.springframework.data.mongodb.repository.MongoRepository
2024-03-28T23:42:44.618+02:00  INFO 12896 --- [           main] .RepositoryConfigurationExtensionSupport : Spring Data MongoDB - Could not safely identify store assignment for repository candidate interface dev.backend.tutor.repositories.student.StudentRepository; If you want this repository to be a MongoDB repository, consider annotating your entities with one of these annotations: org.springframework.data.mongodb.core.mapping.Document (preferred), or consider extending one of the following types with your repository: org.springframework.data.mongodb.repository.MongoRepository
2024-03-28T23:42:44.619+02:00  INFO 12896 --- [           main] .s.d.r.c.RepositoryConfigurationDelegate : Finished Spring Data repository scanning in 30 ms. Found 0 MongoDB repository interfaces.
2024-03-28T23:42:44.648+02:00  INFO 12896 --- [           main] .s.d.r.c.RepositoryConfigurationDelegate : Multiple Spring Data modules found, entering strict repository configuration mode
2024-03-28T23:42:44.651+02:00  INFO 12896 --- [           main] .s.d.r.c.RepositoryConfigurationDelegate : Bootstrapping Spring Data Redis repositories in DEFAULT mode.
2024-03-28T23:42:44.692+02:00  INFO 12896 --- [           main] .RepositoryConfigurationExtensionSupport : Spring Data Redis - Could not safely identify store assignment for repository candidate interface dev.backend.tutor.repositories.emails.ConfirmationEmailTokenRepository; If you want this repository to be a Redis repository, consider annotating your entities with one of these annotations: org.springframework.data.redis.core.RedisHash (preferred), or consider extending one of the following types with your repository: org.springframework.data.keyvalue.repository.KeyValueRepository
2024-03-28T23:42:44.692+02:00  INFO 12896 --- [           main] .RepositoryConfigurationExtensionSupport : Spring Data Redis - Could not safely identify store assignment for repository candidate interface dev.backend.tutor.repositories.notification.NotificationRepository; If you want this repository to be a Redis repository, consider annotating your entities with one of these annotations: org.springframework.data.redis.core.RedisHash (preferred), or consider extending one of the following types with your repository: org.springframework.data.keyvalue.repository.KeyValueRepository
2024-03-28T23:42:44.693+02:00  INFO 12896 --- [           main] .RepositoryConfigurationExtensionSupport : Spring Data Redis - Could not safely identify store assignment for repository candidate interface dev.backend.tutor.repositories.refresh.RefreshTokenRepository; If you want this repository to be a Redis repository, consider annotating your entities with one of these annotations: org.springframework.data.redis.core.RedisHash (preferred), or consider extending one of the following types with your repository: org.springframework.data.keyvalue.repository.KeyValueRepository
2024-03-28T23:42:44.694+02:00  INFO 12896 --- [           main] .RepositoryConfigurationExtensionSupport : Spring Data Redis - Could not safely identify store assignment for repository candidate interface dev.backend.tutor.repositories.student.StudentRepository; If you want this repository to be a Redis repository, consider annotating your entities with one of these annotations: org.springframework.data.redis.core.RedisHash (preferred), or consider extending one of the following types with your repository: org.springframework.data.keyvalue.repository.KeyValueRepository
2024-03-28T23:42:44.694+02:00  INFO 12896 --- [           main] .s.d.r.c.RepositoryConfigurationDelegate : Finished Spring Data repository scanning in 24 ms. Found 0 Redis repository interfaces.
2024-03-28T23:42:45.996+02:00  INFO 12896 --- [           main] o.hibernate.jpa.internal.util.LogHelper  : HHH000204: Processing PersistenceUnitInfo [name: default]
2024-03-28T23:42:46.125+02:00  INFO 12896 --- [           main] org.hibernate.Version                    : HHH000412: Hibernate ORM core version 6.4.4.Final
2024-03-28T23:42:46.203+02:00  INFO 12896 --- [           main] o.h.c.internal.RegionFactoryInitiator    : HHH000026: Second-level cache disabled
2024-03-28T23:42:46.752+02:00  INFO 12896 --- [           main] o.s.o.j.p.SpringPersistenceUnitInfo      : No LoadTimeWeaver setup: ignoring JPA class transformer
2024-03-28T23:42:46.805+02:00  INFO 12896 --- [           main] com.zaxxer.hikari.HikariDataSource       : HikariPool-1 - Starting...
2024-03-28T23:42:47.179+02:00  INFO 12896 --- [           main] com.zaxxer.hikari.pool.HikariPool        : HikariPool-1 - Added connection org.postgresql.jdbc.PgConnection@68de8522
2024-03-28T23:42:47.181+02:00  INFO 12896 --- [           main] com.zaxxer.hikari.HikariDataSource       : HikariPool-1 - Start completed.
2024-03-28T23:42:49.838+02:00  INFO 12896 --- [           main] o.h.e.t.j.p.i.JtaPlatformInitiator       : HHH000489: No JTA platform available (set 'hibernate.transaction.jta.platform' to enable JTA platform integration)
Hibernate: create table accounts (username varchar(255) not null, age integer, email varchar(255) not null, enabled boolean not null, form smallint check (form between 0 and 11), password varchar(255) not null, primary key (username))
Hibernate: create table blocked_users (student_id varchar(255) not null, blocked_id varchar(255) not null)
Hibernate: create table confirmation_tokens (id bigint not null, expiry_date timestamp(6) with time zone, token varchar(255), student_username varchar(255), primary key (id))
Hibernate: create table friends (student_id varchar(255) not null, friend_id varchar(255) not null)
Hibernate: create table general_grades (student_grades_id varchar(255) not null, total_ukr_mova_grades integer, student_grades varchar(255), student_ukrmova_grades varchar(255), primary key (student_grades_id))
Hibernate: create table lexicology (student_ukrmova_grades varchar(255) not null, lexical_error integer, lexical_meaning_ofaword integer, phraseology integer, synonymus integer, primary key (student_ukrmova_grades))
Hibernate: create table morphology (student_ukrmova_grades varchar(255) not null, adjective integer, adverb integer, classification_of_parts_of_speech integer, conjunction integer, noun_declension_of_nouns integer, noun_gender_and_number_of_nouns integer, noun_writing_patronymics integer, numeral integer, participle integer, particle integer, preposition integer, pronoun integer, verb integer, primary key (student_ukrmova_grades))
Hibernate: create table notifications (id bigint not null, content varchar(255) not null, timestamp date not null, recipient_username varchar(255) not null, primary key (id))
Hibernate: create table orthography (student_ukrmova_grades varchar(255) not null, apostrophe integer, basic_cases_of_alternationyviu integer, capitalization_and_quotation_marks_in_proper_nouns integer, combination_of_yo_yot integer, compound_words integer, consonant_changes_in_word_formation integer, consonant_cluster_simplification integer, letter_doubling integer, prefix_spelling integer, soft_sign integer, spelling_of_unstressed_vowelseuo integer, spelling_of_words_of_foreign_origin integer, spelling_with_different_parts_of_speech integer, primary key (student_ukrmova_grades))
Hibernate: create table phonetics_graphemics_orthoepy (student_ukrmova_grades varchar(255) not null, sound_letter_correspondence integer, syllable_stress integer, primary key (student_ukrmova_grades))
Hibernate: create table refresh_tokens (id bigint not null, expiry_date timestamp(6) with time zone, token varchar(255), student_username varchar(255), primary key (id))
Hibernate: create table stylistics_text_language_development (student_ukrmova_grades varchar(255) not null, analysis_of_the_text_antoine_de_saint_exupery integer, analysis_of_the_text_art_not_subject_to_time integer, analysis_of_the_text_attitude_to_animals integer, analysis_of_the_text_black_letters_onawhite_background integer, analysis_of_the_text_blue_apple_for_ilonka integer, analysis_of_the_text_bookcrossing_transforming_the_world_intoalibrary integer, analysis_of_the_text_chance_to_realize_yourself integer, analysis_of_the_text_city_where_you_would_like_to_live integer, analysis_of_the_text_cyberbullying_in_the_network_the_end_of_virtuality integer, analysis_of_the_text_detective_as_an_intellectual_exercise integer, analysis_of_the_text_download_for_free integer, analysis_of_the_text_eastern_culture_asakey_to_understanding_ukraine integer, analysis_of_the_text_flower_on_the_asphalt integer, analysis_of_the_text_folk_medicine integer, analysis_of_the_text_fur integer, analysis_of_the_text_galileo_galilei integer, analysis_of_the_text_higher_education integer, analysis_of_the_textihad_the_happiest_life integer, analysis_of_the_text_learn_to_live integer, analysis_of_the_text_live_so_that_pigeons_would_sit_on_your_shoulders integer, analysis_of_the_text_magic_box integer, analysis_of_the_text_murals_of_kyiv integer, analysis_of_the_text_musical_gift_to_the_world integer, analysis_of_the_text_my_sincere_friend_life_fate_of_ivan_soshenko integer, analysis_of_the_text_mysticism_of_kyiv_floods integer, analysis_of_the_text_nobel_pleiade_of_non_ukrainian_ukrainians integer, analysis_of_the_text_olena_teliha integer, analysis_of_the_text_our_amulets integer, analysis_of_the_text_painted_stories_ukrainian_version integer, analysis_of_the_text_path_to_national_self_awareness integer, analysis_of_the_text_philosophical_tool_of_danylo_demutsky integer, analysis_of_the_text_poetess_of_ukrainian_renaissance integer, analysis_of_the_text_read_me integer, analysis_of_the_text_rules_of_good_troll integer, analysis_of_the_text_sergei_parajanov integer, analysis_of_the_text_small_path_not_for_people integer, analysis_of_the_text_steppe_eldorado integer, analysis_of_the_text_the_third_roosters_have_already_sung integer, analysis_of_the_text_theater integer, analysis_of_the_text_ukrainian_cinema integer, analysis_of_the_text_vasyl_symonenko integer, analysis_of_the_text_veteran_of_the_sky integer, analysis_of_the_text_warm_humanity_with_your_heart integer, analysis_of_the_text_waste integer, analysis_of_the_text_who_are_we_ourselves integer, primary key (student_ukrmova_grades))
2024-03-28T23:42:50.001+02:00  WARN 12896 --- [           main] o.h.engine.jdbc.spi.SqlExceptionHelper   : SQL Warning Code: 0, SQLState: 42622
2024-03-28T23:42:50.002+02:00  WARN 12896 --- [           main] o.h.engine.jdbc.spi.SqlExceptionHelper   : identifier "analysis_of_the_text_bookcrossing_transforming_the_world_intoalibrary" will be truncated to "analysis_of_the_text_bookcrossing_transforming_the_world_intoal"
2024-03-28T23:42:50.002+02:00  WARN 12896 --- [           main] o.h.engine.jdbc.spi.SqlExceptionHelper   : SQL Warning Code: 0, SQLState: 42622
2024-03-28T23:42:50.002+02:00  WARN 12896 --- [           main] o.h.engine.jdbc.spi.SqlExceptionHelper   : identifier "analysis_of_the_text_cyberbullying_in_the_network_the_end_of_virtuality" will be truncated to "analysis_of_the_text_cyberbullying_in_the_network_the_end_of_vi"
2024-03-28T23:42:50.002+02:00  WARN 12896 --- [           main] o.h.engine.jdbc.spi.SqlExceptionHelper   : SQL Warning Code: 0, SQLState: 42622
2024-03-28T23:42:50.002+02:00  WARN 12896 --- [           main] o.h.engine.jdbc.spi.SqlExceptionHelper   : identifier "analysis_of_the_text_eastern_culture_asakey_to_understanding_ukraine" will be truncated to "analysis_of_the_text_eastern_culture_asakey_to_understanding_uk"
2024-03-28T23:42:50.002+02:00  WARN 12896 --- [           main] o.h.engine.jdbc.spi.SqlExceptionHelper   : SQL Warning Code: 0, SQLState: 42622
2024-03-28T23:42:50.003+02:00  WARN 12896 --- [           main] o.h.engine.jdbc.spi.SqlExceptionHelper   : identifier "analysis_of_the_text_live_so_that_pigeons_would_sit_on_your_shoulders" will be truncated to "analysis_of_the_text_live_so_that_pigeons_would_sit_on_your_sho"
2024-03-28T23:42:50.003+02:00  WARN 12896 --- [           main] o.h.engine.jdbc.spi.SqlExceptionHelper   : SQL Warning Code: 0, SQLState: 42622
2024-03-28T23:42:50.004+02:00  WARN 12896 --- [           main] o.h.engine.jdbc.spi.SqlExceptionHelper   : identifier "analysis_of_the_text_my_sincere_friend_life_fate_of_ivan_soshenko" will be truncated to "analysis_of_the_text_my_sincere_friend_life_fate_of_ivan_soshen"
Hibernate: create table syntax_punctuation (student_ukrmova_grades varchar(255) not null, classification_of_sentences integer, complex_sentence_complex_clause_withoutaconjunction integer, complex_sentence_complex_sentence_with_different_types_of_connection integer, complex_sentence_complex_subordinate_clause integer, complex_sentence_compound_sentence integer, complex_sentences_addressing_inserted_words_phrases_sentences integer, complex_sentences_coordinating_sentence_elements integer, foreign_speech integer, main_sentence_elements integer, means_of_interphrase_unity integer, phrase integer, separated_sentence_elements_separated_adverbial_modifier integer, separated_sentence_elements_separated_attribute integer, separated_sentence_elements_separated_object integer, simple_sentences integer, subordinate_sentence_elements integer, primary key (student_ukrmova_grades))
2024-03-28T23:42:50.010+02:00  WARN 12896 --- [           main] o.h.engine.jdbc.spi.SqlExceptionHelper   : SQL Warning Code: 0, SQLState: 42622
2024-03-28T23:42:50.011+02:00  WARN 12896 --- [           main] o.h.engine.jdbc.spi.SqlExceptionHelper   : identifier "complex_sentence_complex_sentence_with_different_types_of_connection" will be truncated to "complex_sentence_complex_sentence_with_different_types_of_conne"
Hibernate: create table ukr_mova_grades (student_grades varchar(255) not null, lexicology integer, morphology integer, orthography integer, phonetics_graphemics_orthoepy integer, stylistics_text_language_development integer, syntax_punctuation integer, word_formation_word_derivation integer, student_lexicology_grades varchar(255), student_morphology_grades varchar(255), student_orphography_grades varchar(255), student_phonetics_graphemics_orthoepy_grades varchar(255), student_stylistics_text_language_development_grades varchar(255), student_syntax_punctuation_grades varchar(255), student_word_formation_word_derivation_grades varchar(255), primary key (student_grades))
Hibernate: create table user_roles (id bigint not null, role varchar(255) not null check (role in ('ROLE_STUDENT')), student_username varchar(255), primary key (id))
Hibernate: create table word_formation_word_derivation (student_ukrmova_grades varchar(255) not null, word_structure_word_formation integer, primary key (student_ukrmova_grades))
Hibernate: alter table if exists accounts drop constraint if exists UK_n7ihswpy07ci568w34q0oi8he
2024-03-28T23:42:50.035+02:00  WARN 12896 --- [           main] o.h.engine.jdbc.spi.SqlExceptionHelper   : SQL Warning Code: 0, SQLState: 00000
2024-03-28T23:42:50.035+02:00  WARN 12896 --- [           main] o.h.engine.jdbc.spi.SqlExceptionHelper   : constraint "uk_n7ihswpy07ci568w34q0oi8he" of relation "accounts" does not exist, skipping
Hibernate: alter table if exists accounts add constraint UK_n7ihswpy07ci568w34q0oi8he unique (email)
Hibernate: alter table if exists blocked_users drop constraint if exists UK_a3b184pkkgngkirhw5yghij1f
2024-03-28T23:42:50.041+02:00  WARN 12896 --- [           main] o.h.engine.jdbc.spi.SqlExceptionHelper   : SQL Warning Code: 0, SQLState: 00000
2024-03-28T23:42:50.042+02:00  WARN 12896 --- [           main] o.h.engine.jdbc.spi.SqlExceptionHelper   : constraint "uk_a3b184pkkgngkirhw5yghij1f" of relation "blocked_users" does not exist, skipping
Hibernate: alter table if exists blocked_users add constraint UK_a3b184pkkgngkirhw5yghij1f unique (student_id)
Hibernate: alter table if exists blocked_users drop constraint if exists UK_9rw0gs66eegoiwfa67n0q7sdd
2024-03-28T23:42:50.048+02:00  WARN 12896 --- [           main] o.h.engine.jdbc.spi.SqlExceptionHelper   : SQL Warning Code: 0, SQLState: 00000
2024-03-28T23:42:50.048+02:00  WARN 12896 --- [           main] o.h.engine.jdbc.spi.SqlExceptionHelper   : constraint "uk_9rw0gs66eegoiwfa67n0q7sdd" of relation "blocked_users" does not exist, skipping
Hibernate: alter table if exists blocked_users add constraint UK_9rw0gs66eegoiwfa67n0q7sdd unique (blocked_id)
Hibernate: alter table if exists friends drop constraint if exists UK_syfpmfynww9a2n96entwymkjj
2024-03-28T23:42:50.055+02:00  WARN 12896 --- [           main] o.h.engine.jdbc.spi.SqlExceptionHelper   : SQL Warning Code: 0, SQLState: 00000
2024-03-28T23:42:50.055+02:00  WARN 12896 --- [           main] o.h.engine.jdbc.spi.SqlExceptionHelper   : constraint "uk_syfpmfynww9a2n96entwymkjj" of relation "friends" does not exist, skipping
Hibernate: alter table if exists friends add constraint UK_syfpmfynww9a2n96entwymkjj unique (student_id)
Hibernate: alter table if exists friends drop constraint if exists UK_idv0wqw940sm3ccr3y3mm4o92
2024-03-28T23:42:50.061+02:00  WARN 12896 --- [           main] o.h.engine.jdbc.spi.SqlExceptionHelper   : SQL Warning Code: 0, SQLState: 00000
2024-03-28T23:42:50.062+02:00  WARN 12896 --- [           main] o.h.engine.jdbc.spi.SqlExceptionHelper   : constraint "uk_idv0wqw940sm3ccr3y3mm4o92" of relation "friends" does not exist, skipping
Hibernate: alter table if exists friends add constraint UK_idv0wqw940sm3ccr3y3mm4o92 unique (friend_id)
Hibernate: alter table if exists general_grades drop constraint if exists UK_q3rat9g76mji2lix949sekxyy
2024-03-28T23:42:50.067+02:00  WARN 12896 --- [           main] o.h.engine.jdbc.spi.SqlExceptionHelper   : SQL Warning Code: 0, SQLState: 00000
2024-03-28T23:42:50.068+02:00  WARN 12896 --- [           main] o.h.engine.jdbc.spi.SqlExceptionHelper   : constraint "uk_q3rat9g76mji2lix949sekxyy" of relation "general_grades" does not exist, skipping
Hibernate: alter table if exists general_grades add constraint UK_q3rat9g76mji2lix949sekxyy unique (student_ukrmova_grades)
Hibernate: alter table if exists ukr_mova_grades drop constraint if exists UK_jnbam86b2t4ivg3xah6o11vw8
2024-03-28T23:42:50.075+02:00  WARN 12896 --- [           main] o.h.engine.jdbc.spi.SqlExceptionHelper   : SQL Warning Code: 0, SQLState: 00000
2024-03-28T23:42:50.075+02:00  WARN 12896 --- [           main] o.h.engine.jdbc.spi.SqlExceptionHelper   : constraint "uk_jnbam86b2t4ivg3xah6o11vw8" of relation "ukr_mova_grades" does not exist, skipping
Hibernate: alter table if exists ukr_mova_grades add constraint UK_jnbam86b2t4ivg3xah6o11vw8 unique (student_lexicology_grades)
Hibernate: alter table if exists ukr_mova_grades drop constraint if exists UK_3lm3rska7ixii649i8t566gp
2024-03-28T23:42:50.082+02:00  WARN 12896 --- [           main] o.h.engine.jdbc.spi.SqlExceptionHelper   : SQL Warning Code: 0, SQLState: 00000
2024-03-28T23:42:50.082+02:00  WARN 12896 --- [           main] o.h.engine.jdbc.spi.SqlExceptionHelper   : constraint "uk_3lm3rska7ixii649i8t566gp" of relation "ukr_mova_grades" does not exist, skipping
Hibernate: alter table if exists ukr_mova_grades add constraint UK_3lm3rska7ixii649i8t566gp unique (student_morphology_grades)
Hibernate: alter table if exists ukr_mova_grades drop constraint if exists UK_9ak4ov07toh72h6rxggkcps8h
2024-03-28T23:42:50.088+02:00  WARN 12896 --- [           main] o.h.engine.jdbc.spi.SqlExceptionHelper   : SQL Warning Code: 0, SQLState: 00000
2024-03-28T23:42:50.089+02:00  WARN 12896 --- [           main] o.h.engine.jdbc.spi.SqlExceptionHelper   : constraint "uk_9ak4ov07toh72h6rxggkcps8h" of relation "ukr_mova_grades" does not exist, skipping
Hibernate: alter table if exists ukr_mova_grades add constraint UK_9ak4ov07toh72h6rxggkcps8h unique (student_orphography_grades)
Hibernate: alter table if exists ukr_mova_grades drop constraint if exists UK_cnsd0qnnpm8sxf1n1jcvkluap
2024-03-28T23:42:50.096+02:00  WARN 12896 --- [           main] o.h.engine.jdbc.spi.SqlExceptionHelper   : SQL Warning Code: 0, SQLState: 00000
2024-03-28T23:42:50.096+02:00  WARN 12896 --- [           main] o.h.engine.jdbc.spi.SqlExceptionHelper   : constraint "uk_cnsd0qnnpm8sxf1n1jcvkluap" of relation "ukr_mova_grades" does not exist, skipping
Hibernate: alter table if exists ukr_mova_grades add constraint UK_cnsd0qnnpm8sxf1n1jcvkluap unique (student_phonetics_graphemics_orthoepy_grades)
Hibernate: alter table if exists ukr_mova_grades drop constraint if exists UK_g7ffo3vl6b8kiewdd6ihhfoem
2024-03-28T23:42:50.103+02:00  WARN 12896 --- [           main] o.h.engine.jdbc.spi.SqlExceptionHelper   : SQL Warning Code: 0, SQLState: 00000
2024-03-28T23:42:50.103+02:00  WARN 12896 --- [           main] o.h.engine.jdbc.spi.SqlExceptionHelper   : constraint "uk_g7ffo3vl6b8kiewdd6ihhfoem" of relation "ukr_mova_grades" does not exist, skipping
Hibernate: alter table if exists ukr_mova_grades add constraint UK_g7ffo3vl6b8kiewdd6ihhfoem unique (student_stylistics_text_language_development_grades)
Hibernate: alter table if exists ukr_mova_grades drop constraint if exists UK_t8u8b27xubq3hs069wt9fr6o5
2024-03-28T23:42:50.130+02:00  WARN 12896 --- [           main] o.h.engine.jdbc.spi.SqlExceptionHelper   : SQL Warning Code: 0, SQLState: 00000
2024-03-28T23:42:50.131+02:00  WARN 12896 --- [           main] o.h.engine.jdbc.spi.SqlExceptionHelper   : constraint "uk_t8u8b27xubq3hs069wt9fr6o5" of relation "ukr_mova_grades" does not exist, skipping
Hibernate: alter table if exists ukr_mova_grades add constraint UK_t8u8b27xubq3hs069wt9fr6o5 unique (student_syntax_punctuation_grades)
Hibernate: alter table if exists ukr_mova_grades drop constraint if exists UK_91xr3ex6vy6vskb62mxbdn15i
2024-03-28T23:42:50.139+02:00  WARN 12896 --- [           main] o.h.engine.jdbc.spi.SqlExceptionHelper   : SQL Warning Code: 0, SQLState: 00000
2024-03-28T23:42:50.140+02:00  WARN 12896 --- [           main] o.h.engine.jdbc.spi.SqlExceptionHelper   : constraint "uk_91xr3ex6vy6vskb62mxbdn15i" of relation "ukr_mova_grades" does not exist, skipping
Hibernate: alter table if exists ukr_mova_grades add constraint UK_91xr3ex6vy6vskb62mxbdn15i unique (student_word_formation_word_derivation_grades)
Hibernate: create sequence confirmation_tokens_seq start with 1 increment by 50
Hibernate: create sequence notifications_seq start with 1 increment by 50
Hibernate: create sequence refresh_tokens_seq start with 1 increment by 50
Hibernate: create sequence user_roles_seq start with 1 increment by 50
Hibernate: alter table if exists blocked_users add constraint FK6p1bq57l07lcnutdm0f6idntf foreign key (blocked_id) references accounts
Hibernate: alter table if exists blocked_users add constraint FK75s59sko6nyqdjbjo57pu51te foreign key (student_id) references accounts
Hibernate: alter table if exists confirmation_tokens add constraint FKbk130qdyxa39hhug1y56u9pch foreign key (student_username) references accounts
Hibernate: alter table if exists friends add constraint FKo0j7l0s3amqqgf54qtop6160e foreign key (friend_id) references accounts
Hibernate: alter table if exists friends add constraint FKn8nvq8kye5mv6b7g43ist2kye foreign key (student_id) references accounts
Hibernate: alter table if exists general_grades add constraint FK29d6i0uk0hgyt4qsd0eter45y foreign key (student_grades) references accounts
Hibernate: alter table if exists general_grades add constraint FKovoa6qpr64q2ca2urt2ji4pva foreign key (student_ukrmova_grades) references ukr_mova_grades
Hibernate: alter table if exists notifications add constraint FKb0jmnivr88skal3okf51o64oo foreign key (recipient_username) references accounts
Hibernate: alter table if exists refresh_tokens add constraint FK85dbmnjs4wydtj1be9hgustx0 foreign key (student_username) references accounts
Hibernate: alter table if exists ukr_mova_grades add constraint FKjsxyk495k3w37xml0k8bl39p8 foreign key (student_lexicology_grades) references lexicology
Hibernate: alter table if exists ukr_mova_grades add constraint FKp3gi1c92l9738pcb61kukgyde foreign key (student_morphology_grades) references morphology
Hibernate: alter table if exists ukr_mova_grades add constraint FKraa9ckhp27oj19gdqjhrruudx foreign key (student_orphography_grades) references orthography
Hibernate: alter table if exists ukr_mova_grades add constraint FKtr1in54c8nsef6q0jpo1bha73 foreign key (student_phonetics_graphemics_orthoepy_grades) references phonetics_graphemics_orthoepy
Hibernate: alter table if exists ukr_mova_grades add constraint FK216fr1h72m6u9av5nw6ydryay foreign key (student_stylistics_text_language_development_grades) references stylistics_text_language_development
Hibernate: alter table if exists ukr_mova_grades add constraint FKimmilgklbgrc5opvvy4b2vjn0 foreign key (student_syntax_punctuation_grades) references syntax_punctuation
Hibernate: alter table if exists ukr_mova_grades add constraint FK2qonla0kqnu633vv3n3wk22hc foreign key (student_word_formation_word_derivation_grades) references word_formation_word_derivation
Hibernate: alter table if exists user_roles add constraint FKqs88g4swjebmeqti3bcwbn1wr foreign key (student_username) references accounts
2024-03-28T23:42:50.280+02:00  INFO 12896 --- [           main] j.LocalContainerEntityManagerFactoryBean : Initialized JPA EntityManagerFactory for persistence unit 'default'
2024-03-28T23:42:51.322+02:00  INFO 12896 --- [           main] o.s.d.j.r.query.QueryEnhancerFactory     : Hibernate is in classpath; If applicable, HQL parser will be used.
2024-03-28T23:42:54.221+02:00  INFO 12896 --- [           main] o.s.s.web.DefaultSecurityFilterChain     : Will secure any request with [org.springframework.security.web.session.DisableEncodeUrlFilter@739e76e6, org.springframework.security.web.context.request.async.WebAsyncManagerIntegrationFilter@789a9354, org.springframework.security.web.context.SecurityContextHolderFilter@6f2df0b3, org.springframework.security.web.header.HeaderWriterFilter@7645ced6, org.springframework.security.web.authentication.logout.LogoutFilter@38696886, dev.backend.tutor.sevices.security.jwt.JwtFilter@3a792bf9, org.springframework.security.web.savedrequest.RequestCacheAwareFilter@48c6107a, org.springframework.security.web.servletapi.SecurityContextHolderAwareRequestFilter@7ea2ce9d, org.springframework.security.web.authentication.AnonymousAuthenticationFilter@27153ba2, org.springframework.security.web.session.SessionManagementFilter@6f535d77, org.springframework.security.web.access.ExceptionTranslationFilter@633a6f00, org.springframework.security.web.access.intercept.AuthorizationFilter@59ea4ca5]
2024-03-28T23:42:55.791+02:00  INFO 12896 --- [localhost:27017] org.mongodb.driver.cluster               : Exception in monitor thread while connecting to server localhost:27017

com.mongodb.MongoSocketOpenException: Exception opening socket
	at com.mongodb.internal.connection.SocketStream.lambda$open$0(SocketStream.java:84) ~[mongodb-driver-core-4.11.1.jar:na]
	at java.base/java.util.Optional.orElseThrow(Optional.java:403) ~[na:na]
	at com.mongodb.internal.connection.SocketStream.open(SocketStream.java:84) ~[mongodb-driver-core-4.11.1.jar:na]
	at com.mongodb.internal.connection.InternalStreamConnection.open(InternalStreamConnection.java:211) ~[mongodb-driver-core-4.11.1.jar:na]
	at com.mongodb.internal.connection.DefaultServerMonitor$ServerMonitorRunnable.lookupServerDescription(DefaultServerMonitor.java:196) ~[mongodb-driver-core-4.11.1.jar:na]
	at com.mongodb.internal.connection.DefaultServerMonitor$ServerMonitorRunnable.run(DefaultServerMonitor.java:156) ~[mongodb-driver-core-4.11.1.jar:na]
	at java.base/java.lang.Thread.run(Thread.java:1583) ~[na:na]
Caused by: java.net.ConnectException: Connection refused: no further information
	at java.base/sun.nio.ch.Net.pollConnect(Native Method) ~[na:na]
	at java.base/sun.nio.ch.Net.pollConnectNow(Net.java:682) ~[na:na]
	at java.base/sun.nio.ch.NioSocketImpl.timedFinishConnect(NioSocketImpl.java:542) ~[na:na]
	at java.base/sun.nio.ch.NioSocketImpl.connect(NioSocketImpl.java:592) ~[na:na]
	at java.base/java.net.SocksSocketImpl.connect(SocksSocketImpl.java:327) ~[na:na]
	at java.base/java.net.Socket.connect(Socket.java:751) ~[na:na]
	at com.mongodb.internal.connection.SocketStreamHelper.initialize(SocketStreamHelper.java:76) ~[mongodb-driver-core-4.11.1.jar:na]
	at com.mongodb.internal.connection.SocketStream.initializeSocket(SocketStream.java:104) ~[mongodb-driver-core-4.11.1.jar:na]
	at com.mongodb.internal.connection.SocketStream.open(SocketStream.java:78) ~[mongodb-driver-core-4.11.1.jar:na]
	... 4 common frames omitted

2024-03-28T23:42:55.807+02:00  INFO 12896 --- [           main] org.mongodb.driver.client                : MongoClient with metadata {"driver": {"name": "mongo-java-driver|sync|spring-boot", "version": "4.11.1"}, "os": {"type": "Windows", "name": "Windows 10", "architecture": "amd64", "version": "10.0"}, "platform": "Java/Oracle Corporation/21+35-2513"} created with settings MongoClientSettings{readPreference=primary, writeConcern=WriteConcern{w=null, wTimeout=null ms, journal=null}, retryWrites=true, retryReads=true, readConcern=ReadConcern{level=null}, credential=null, transportSettings=null, streamFactoryFactory=null, commandListeners=[], codecRegistry=ProvidersCodecRegistry{codecProviders=[ValueCodecProvider{}, BsonValueCodecProvider{}, DBRefCodecProvider{}, DBObjectCodecProvider{}, DocumentCodecProvider{}, CollectionCodecProvider{}, IterableCodecProvider{}, MapCodecProvider{}, GeoJsonCodecProvider{}, GridFSFileCodecProvider{}, Jsr310CodecProvider{}, JsonObjectCodecProvider{}, BsonCodecProvider{}, EnumCodecProvider{}, com.mongodb.client.model.mql.ExpressionCodecProvider@30ab1b4f, com.mongodb.Jep395RecordCodecProvider@2a670af9, com.mongodb.KotlinCodecProvider@5a9bb7dd]}, loggerSettings=LoggerSettings{maxDocumentLength=1000}, clusterSettings={hosts=[localhost:27017], srvServiceName=mongodb, mode=SINGLE, requiredClusterType=UNKNOWN, requiredReplicaSetName='null', serverSelector='null', clusterListeners='[]', serverSelectionTimeout='30000 ms', localThreshold='15 ms'}, socketSettings=SocketSettings{connectTimeoutMS=10000, readTimeoutMS=0, receiveBufferSize=0, proxySettings=ProxySettings{host=null, port=null, username=null, password=null}}, heartbeatSocketSettings=SocketSettings{connectTimeoutMS=10000, readTimeoutMS=10000, receiveBufferSize=0, proxySettings=ProxySettings{host=null, port=null, username=null, password=null}}, connectionPoolSettings=ConnectionPoolSettings{maxSize=100, minSize=0, maxWaitTimeMS=120000, maxConnectionLifeTimeMS=0, maxConnectionIdleTimeMS=0, maintenanceInitialDelayMS=0, maintenanceFrequencyMS=60000, connectionPoolListeners=[], maxConnecting=2}, serverSettings=ServerSettings{heartbeatFrequencyMS=10000, minHeartbeatFrequencyMS=500, serverListeners='[]', serverMonitorListeners='[]'}, sslSettings=SslSettings{enabled=false, invalidHostNameAllowed=false, context=null}, applicationName='null', compressorList=[], uuidRepresentation=JAVA_LEGACY, serverApi=null, autoEncryptionSettings=null, dnsClient=null, inetAddressResolver=null, contextProvider=null}
2024-03-28T23:42:56.882+02:00  INFO 12896 --- [           main] o.s.b.t.m.w.SpringBootMockServletContext : Initializing Spring TestDispatcherServlet ''
2024-03-28T23:42:56.882+02:00  INFO 12896 --- [           main] o.s.t.web.servlet.TestDispatcherServlet  : Initializing Servlet ''
2024-03-28T23:42:56.886+02:00  INFO 12896 --- [           main] o.s.t.web.servlet.TestDispatcherServlet  : Completed initialization in 4 ms
2024-03-28T23:42:56.916+02:00  INFO 12896 --- [           main] o.s.m.s.b.SimpleBrokerMessageHandler     : Starting...
2024-03-28T23:42:56.917+02:00  INFO 12896 --- [           main] o.s.m.s.b.SimpleBrokerMessageHandler     : BrokerAvailabilityEvent[available=true, SimpleBrokerMessageHandler [org.springframework.messaging.simp.broker.DefaultSubscriptionRegistry@53de637a]]
2024-03-28T23:42:56.919+02:00  INFO 12896 --- [           main] o.s.m.s.b.SimpleBrokerMessageHandler     : Started.
2024-03-28T23:42:56.937+02:00  INFO 12896 --- [           main] d.b.t.controllers.FriendControllerTest   : Started FriendControllerTest in 19.375 seconds (process running for 25.76)
Hibernate: select s1_0.username,s1_0.age,s1_0.email,s1_0.enabled,s1_0.form,s1_0.password,r1_0.student_username,r1_0.id,r1_0.role from accounts s1_0 left join user_roles r1_0 on s1_0.username=r1_0.student_username where s1_0.username=?
Hibernate: select nextval('user_roles_seq')
Hibernate: select s1_0.username,s1_0.age,s1_0.email,s1_0.enabled,s1_0.form,s1_0.password,r1_0.student_username,r1_0.id,r1_0.role from accounts s1_0 left join user_roles r1_0 on s1_0.username=r1_0.student_username where s1_0.username=?
Hibernate: select nextval('user_roles_seq')
Hibernate: insert into accounts (age,email,enabled,form,password,username) values (?,?,?,?,?,?)
Hibernate: insert into user_roles (role,student_username,id) values (?,?,?)
Hibernate: insert into accounts (age,email,enabled,form,password,username) values (?,?,?,?,?,?)
Hibernate: insert into user_roles (role,student_username,id) values (?,?,?)
Hibernate: select s1_0.username,s1_0.age,s1_0.email,s1_0.enabled,s1_0.form,f1_0.student_id,f1_1.username,f1_1.age,f1_1.email,f1_1.enabled,f1_1.form,f1_1.password,s1_0.password from accounts s1_0 left join friends f1_0 on s1_0.username=f1_0.student_id left join accounts f1_1 on f1_1.username=f1_0.friend_id where s1_0.username=? or s1_0.username=?
Hibernate: select nextval('notifications_seq')
Hibernate: insert into notifications (content,recipient_username,timestamp,id) values (?,?,?,?)
Hibernate: insert into friends (student_id,friend_id) values (?,?)
Hibernate: insert into friends (student_id,friend_id) values (?,?)
Hibernate: select s1_0.username,s1_0.age,s1_0.email,s1_0.enabled,s1_0.form,f1_0.student_id,f1_1.username,f1_1.age,f1_1.email,f1_1.enabled,f1_1.form,f1_1.password,s1_0.password from accounts s1_0 left join friends f1_0 on s1_0.username=f1_0.student_id left join accounts f1_1 on f1_1.username=f1_0.friend_id where s1_0.username=? or s1_0.username=?
Hibernate: select s1_0.username,s1_0.age,s1_0.email,s1_0.enabled,s1_0.form,s1_0.password from accounts s1_0
]]></system-out>
    <system-err><![CDATA[WARNING: A Java agent has been loaded dynamically (C:\Users\USER\.m2\repository\net\bytebuddy\byte-buddy-agent\1.14.12\byte-buddy-agent-1.14.12.jar)
WARNING: If a serviceability tool is in use, please run with -XX:+EnableDynamicAgentLoading to hide this warning
WARNING: If a serviceability tool is not in use, please run with -Djdk.instrument.traceUsage for more information
WARNING: Dynamic loading of agents will be disallowed by default in a future release
]]></system-err>
  </testcase>
  <testcase name="Should_SendRequest_When_StudentsAlreadyFriends" classname="dev.backend.tutor.controllers.FriendControllerTest" time="0.239">
    <system-out><![CDATA[Hibernate: select s1_0.username,s1_0.age,s1_0.email,s1_0.enabled,s1_0.form,s1_0.password,r1_0.student_username,r1_0.id,r1_0.role from accounts s1_0 left join user_roles r1_0 on s1_0.username=r1_0.student_username where s1_0.username=?
Hibernate: select s1_0.username,s1_0.age,s1_0.email,s1_0.enabled,s1_0.form,s1_0.password,r1_0.student_username,r1_0.id,r1_0.role from accounts s1_0 left join user_roles r1_0 on s1_0.username=r1_0.student_username where s1_0.username=?
Hibernate: insert into accounts (age,email,enabled,form,password,username) values (?,?,?,?,?,?)
Hibernate: insert into user_roles (role,student_username,id) values (?,?,?)
Hibernate: insert into accounts (age,email,enabled,form,password,username) values (?,?,?,?,?,?)
Hibernate: insert into user_roles (role,student_username,id) values (?,?,?)
Hibernate: insert into friends (student_id,friend_id) values (?,?)
Hibernate: select distinct s1_0.username,s1_0.age,s1_0.email,s1_0.enabled,s1_0.form,f1_0.student_id,f1_1.username,f1_1.age,f1_1.email,f1_1.enabled,f1_1.form,f1_1.password,s1_0.password from accounts s1_0 left join friends f1_0 on s1_0.username=f1_0.student_id left join accounts f1_1 on f1_1.username=f1_0.friend_id where s1_0.username=? or s1_0.username=?
Hibernate: select distinct s1_0.username,s1_0.age,bs1_0.student_id,bs1_1.username,bs1_1.age,bs1_1.email,bs1_1.enabled,bs1_1.form,bs1_1.password,s1_0.email,s1_0.enabled,s1_0.form,s1_0.password from accounts s1_0 left join blocked_users bs1_0 on s1_0.username=bs1_0.student_id left join accounts bs1_1 on bs1_1.username=bs1_0.blocked_id where s1_0.username in (?,?)
Hibernate: select s1_0.username,s1_0.age,s1_0.email,s1_0.enabled,s1_0.form,s1_0.password from accounts s1_0
]]></system-out>
  </testcase>
  <testcase name="Should_DeclineRequest" classname="dev.backend.tutor.controllers.FriendControllerTest" time="0.067">
    <system-out><![CDATA[Hibernate: select s1_0.username,s1_0.age,s1_0.email,s1_0.enabled,s1_0.form,s1_0.password,r1_0.student_username,r1_0.id,r1_0.role from accounts s1_0 left join user_roles r1_0 on s1_0.username=r1_0.student_username where s1_0.username=?
Hibernate: select s1_0.username,s1_0.age,s1_0.email,s1_0.enabled,s1_0.form,s1_0.password,r1_0.student_username,r1_0.id,r1_0.role from accounts s1_0 left join user_roles r1_0 on s1_0.username=r1_0.student_username where s1_0.username=?
Hibernate: insert into accounts (age,email,enabled,form,password,username) values (?,?,?,?,?,?)
Hibernate: insert into user_roles (role,student_username,id) values (?,?,?)
Hibernate: insert into accounts (age,email,enabled,form,password,username) values (?,?,?,?,?,?)
Hibernate: insert into user_roles (role,student_username,id) values (?,?,?)
Hibernate: select s1_0.username,s1_0.age,s1_0.email,s1_0.enabled,s1_0.form,s1_0.password from accounts s1_0 where s1_0.username=?
Hibernate: select nextval('notifications_seq')
Hibernate: select s1_0.username,s1_0.age,s1_0.email,s1_0.enabled,s1_0.form,s1_0.password from accounts s1_0
]]></system-out>
  </testcase>
  <testcase name="Should_SendRequest_When_HttpRequestValid" classname="dev.backend.tutor.controllers.FriendControllerTest" time="0.057">
    <system-out><![CDATA[Hibernate: select s1_0.username,s1_0.age,s1_0.email,s1_0.enabled,s1_0.form,s1_0.password,r1_0.student_username,r1_0.id,r1_0.role from accounts s1_0 left join user_roles r1_0 on s1_0.username=r1_0.student_username where s1_0.username=?
Hibernate: select s1_0.username,s1_0.age,s1_0.email,s1_0.enabled,s1_0.form,s1_0.password,r1_0.student_username,r1_0.id,r1_0.role from accounts s1_0 left join user_roles r1_0 on s1_0.username=r1_0.student_username where s1_0.username=?
Hibernate: insert into accounts (age,email,enabled,form,password,username) values (?,?,?,?,?,?)
Hibernate: insert into user_roles (role,student_username,id) values (?,?,?)
Hibernate: insert into accounts (age,email,enabled,form,password,username) values (?,?,?,?,?,?)
Hibernate: insert into user_roles (role,student_username,id) values (?,?,?)
Hibernate: select distinct s1_0.username,s1_0.age,s1_0.email,s1_0.enabled,s1_0.form,f1_0.student_id,f1_1.username,f1_1.age,f1_1.email,f1_1.enabled,f1_1.form,f1_1.password,s1_0.password from accounts s1_0 left join friends f1_0 on s1_0.username=f1_0.student_id left join accounts f1_1 on f1_1.username=f1_0.friend_id where s1_0.username=? or s1_0.username=?
Hibernate: select distinct s1_0.username,s1_0.age,bs1_0.student_id,bs1_1.username,bs1_1.age,bs1_1.email,bs1_1.enabled,bs1_1.form,bs1_1.password,s1_0.email,s1_0.enabled,s1_0.form,s1_0.password from accounts s1_0 left join blocked_users bs1_0 on s1_0.username=bs1_0.student_id left join accounts bs1_1 on bs1_1.username=bs1_0.blocked_id where s1_0.username in (?,?)
Hibernate: select s1_0.username,s1_0.age,s1_0.email,s1_0.enabled,s1_0.form,s1_0.password from accounts s1_0
]]></system-out>
  </testcase>
  <testcase name="ShouldNot_SendRequest_When_StudentNotExist" classname="dev.backend.tutor.controllers.FriendControllerTest" time="0.041">
    <system-out><![CDATA[Hibernate: select s1_0.username,s1_0.age,s1_0.email,s1_0.enabled,s1_0.form,s1_0.password,r1_0.student_username,r1_0.id,r1_0.role from accounts s1_0 left join user_roles r1_0 on s1_0.username=r1_0.student_username where s1_0.username=?
Hibernate: insert into accounts (age,email,enabled,form,password,username) values (?,?,?,?,?,?)
Hibernate: insert into user_roles (role,student_username,id) values (?,?,?)
Hibernate: select s1_0.username,s1_0.age,s1_0.email,s1_0.enabled,s1_0.form,s1_0.password from accounts s1_0
]]></system-out>
  </testcase>
</testsuite>